{"/Users/mac-victor.herguedas/Desktop/Proyectos/Personal/tfg-backend/src/index.ts": {"path":"/Users/mac-victor.herguedas/Desktop/Proyectos/Personal/tfg-backend/src/index.ts","all":false,"statementMap":{"0":{"start":{"line":1,"column":0},"end":{"line":1,"column":29}},"1":{"start":{"line":2,"column":0},"end":{"line":2,"column":25}},"2":{"start":{"line":3,"column":0},"end":{"line":3,"column":56}},"3":{"start":{"line":4,"column":0},"end":{"line":4,"column":86}},"4":{"start":{"line":5,"column":0},"end":{"line":5,"column":103}},"5":{"start":{"line":6,"column":0},"end":{"line":6,"column":0}},"6":{"start":{"line":7,"column":0},"end":{"line":7,"column":21}},"7":{"start":{"line":8,"column":0},"end":{"line":8,"column":0}},"8":{"start":{"line":9,"column":0},"end":{"line":9,"column":35}},"9":{"start":{"line":10,"column":0},"end":{"line":10,"column":0}},"10":{"start":{"line":11,"column":0},"end":{"line":11,"column":31}},"11":{"start":{"line":12,"column":0},"end":{"line":12,"column":83}},"12":{"start":{"line":13,"column":0},"end":{"line":13,"column":2}},"13":{"start":{"line":14,"column":0},"end":{"line":14,"column":0}},"14":{"start":{"line":15,"column":0},"end":{"line":15,"column":18}},"15":{"start":{"line":16,"column":0},"end":{"line":16,"column":0}},"16":{"start":{"line":17,"column":0},"end":{"line":17,"column":31}}},"s":{"0":1,"1":1,"2":1,"3":1,"4":1,"5":1,"6":1,"7":1,"8":1,"9":1,"10":1,"11":1,"12":1,"13":1,"14":1,"15":1,"16":1},"branchMap":{"0":{"type":"branch","line":11,"loc":{"start":{"line":11,"column":24},"end":{"line":13,"column":2}},"locations":[{"start":{"line":11,"column":24},"end":{"line":13,"column":2}}]}},"b":{"0":[1]},"fnMap":{},"f":{}}
,"/Users/mac-victor.herguedas/Desktop/Proyectos/Personal/tfg-backend/src/api-whisper/adapters/primary/controllers/postWhisperController.ts": {"path":"/Users/mac-victor.herguedas/Desktop/Proyectos/Personal/tfg-backend/src/api-whisper/adapters/primary/controllers/postWhisperController.ts","all":false,"statementMap":{"0":{"start":{"line":1,"column":0},"end":{"line":1,"column":113}},"1":{"start":{"line":2,"column":0},"end":{"line":2,"column":78}},"2":{"start":{"line":3,"column":0},"end":{"line":3,"column":72}},"3":{"start":{"line":4,"column":0},"end":{"line":4,"column":0}},"4":{"start":{"line":5,"column":0},"end":{"line":5,"column":144}},"5":{"start":{"line":6,"column":0},"end":{"line":6,"column":7}},"6":{"start":{"line":7,"column":0},"end":{"line":7,"column":65}},"7":{"start":{"line":8,"column":0},"end":{"line":8,"column":65}},"8":{"start":{"line":9,"column":0},"end":{"line":9,"column":50}},"9":{"start":{"line":10,"column":0},"end":{"line":10,"column":15}},"10":{"start":{"line":11,"column":0},"end":{"line":11,"column":11}},"11":{"start":{"line":12,"column":0},"end":{"line":12,"column":3}},"12":{"start":{"line":13,"column":0},"end":{"line":13,"column":1}}},"s":{"0":1,"1":1,"2":1,"3":1,"4":1,"5":6,"6":6,"7":2,"8":2,"9":6,"10":4,"11":4,"12":6},"branchMap":{"0":{"type":"branch","line":5,"loc":{"start":{"line":5,"column":27},"end":{"line":13,"column":1}},"locations":[{"start":{"line":5,"column":27},"end":{"line":13,"column":1}}]},"1":{"type":"branch","line":7,"loc":{"start":{"line":7,"column":64},"end":{"line":10,"column":11}},"locations":[{"start":{"line":7,"column":64},"end":{"line":10,"column":11}}]},"2":{"type":"branch","line":10,"loc":{"start":{"line":10,"column":2},"end":{"line":12,"column":3}},"locations":[{"start":{"line":10,"column":2},"end":{"line":12,"column":3}}]}},"b":{"0":[6],"1":[2],"2":[4]},"fnMap":{"0":{"name":"postWhisper","decl":{"start":{"line":5,"column":27},"end":{"line":13,"column":1}},"loc":{"start":{"line":5,"column":27},"end":{"line":13,"column":1}},"line":5}},"f":{"0":6}}
,"/Users/mac-victor.herguedas/Desktop/Proyectos/Personal/tfg-backend/src/api-whisper/adapters/primary/routes/whisperRoutes.ts": {"path":"/Users/mac-victor.herguedas/Desktop/Proyectos/Personal/tfg-backend/src/api-whisper/adapters/primary/routes/whisperRoutes.ts","all":false,"statementMap":{"0":{"start":{"line":1,"column":0},"end":{"line":1,"column":32}},"1":{"start":{"line":2,"column":0},"end":{"line":2,"column":69}},"2":{"start":{"line":3,"column":0},"end":{"line":3,"column":0}},"3":{"start":{"line":4,"column":0},"end":{"line":4,"column":23}},"4":{"start":{"line":5,"column":0},"end":{"line":5,"column":0}},"5":{"start":{"line":6,"column":0},"end":{"line":6,"column":66}},"6":{"start":{"line":7,"column":0},"end":{"line":7,"column":29}},"7":{"start":{"line":8,"column":0},"end":{"line":8,"column":0}},"8":{"start":{"line":9,"column":0},"end":{"line":9,"column":7}},"9":{"start":{"line":10,"column":0},"end":{"line":10,"column":29}},"10":{"start":{"line":11,"column":0},"end":{"line":11,"column":25}},"11":{"start":{"line":12,"column":0},"end":{"line":12,"column":62}},"12":{"start":{"line":13,"column":0},"end":{"line":13,"column":29}},"13":{"start":{"line":14,"column":0},"end":{"line":14,"column":69}},"14":{"start":{"line":15,"column":0},"end":{"line":15,"column":0}},"15":{"start":{"line":16,"column":0},"end":{"line":16,"column":35}}},"s":{"0":1,"1":1,"2":1,"3":1,"4":1,"5":1,"6":1,"7":1,"8":1,"9":1,"10":1,"11":1,"12":1,"13":1,"14":1,"15":1},"branchMap":{},"b":{},"fnMap":{},"f":{}}
,"/Users/mac-victor.herguedas/Desktop/Proyectos/Personal/tfg-backend/src/api-whisper/domain/services/whisperService.ts": {"path":"/Users/mac-victor.herguedas/Desktop/Proyectos/Personal/tfg-backend/src/api-whisper/domain/services/whisperService.ts","all":false,"statementMap":{"0":{"start":{"line":1,"column":0},"end":{"line":1,"column":19}},"1":{"start":{"line":2,"column":0},"end":{"line":2,"column":67}},"2":{"start":{"line":3,"column":0},"end":{"line":3,"column":91}},"3":{"start":{"line":4,"column":0},"end":{"line":4,"column":0}},"4":{"start":{"line":5,"column":0},"end":{"line":5,"column":79}},"5":{"start":{"line":6,"column":0},"end":{"line":6,"column":7}},"6":{"start":{"line":7,"column":0},"end":{"line":7,"column":25}},"7":{"start":{"line":8,"column":0},"end":{"line":8,"column":75}},"8":{"start":{"line":9,"column":0},"end":{"line":9,"column":42}},"9":{"start":{"line":10,"column":0},"end":{"line":10,"column":24}},"10":{"start":{"line":11,"column":0},"end":{"line":11,"column":6}},"11":{"start":{"line":12,"column":0},"end":{"line":12,"column":29}},"12":{"start":{"line":13,"column":0},"end":{"line":13,"column":20}},"13":{"start":{"line":14,"column":0},"end":{"line":14,"column":72}},"14":{"start":{"line":15,"column":0},"end":{"line":15,"column":3}},"15":{"start":{"line":16,"column":0},"end":{"line":16,"column":1}}},"s":{"0":1,"1":1,"2":1,"3":1,"4":1,"5":1,"6":1,"7":1,"8":1,"9":1,"10":1,"11":1,"12":1,"13":0,"14":0,"15":1},"branchMap":{"0":{"type":"branch","line":5,"loc":{"start":{"line":5,"column":33},"end":{"line":16,"column":1}},"locations":[{"start":{"line":5,"column":33},"end":{"line":16,"column":1}}]},"1":{"type":"branch","line":13,"loc":{"start":{"line":13,"column":2},"end":{"line":15,"column":3}},"locations":[{"start":{"line":13,"column":2},"end":{"line":15,"column":3}}]}},"b":{"0":[1],"1":[0]},"fnMap":{"0":{"name":"whisperTranscribe","decl":{"start":{"line":5,"column":33},"end":{"line":16,"column":1}},"loc":{"start":{"line":5,"column":33},"end":{"line":16,"column":1}},"line":5}},"f":{"0":1}}
,"/Users/mac-victor.herguedas/Desktop/Proyectos/Personal/tfg-backend/src/middlewares/errorHandlerMiddleware/errorHandlerMiddleware.ts": {"path":"/Users/mac-victor.herguedas/Desktop/Proyectos/Personal/tfg-backend/src/middlewares/errorHandlerMiddleware/errorHandlerMiddleware.ts","all":false,"statementMap":{"0":{"start":{"line":1,"column":0},"end":{"line":1,"column":72}},"1":{"start":{"line":2,"column":0},"end":{"line":2,"column":152}},"2":{"start":{"line":3,"column":0},"end":{"line":3,"column":87}},"3":{"start":{"line":4,"column":0},"end":{"line":4,"column":153}},"4":{"start":{"line":5,"column":0},"end":{"line":5,"column":108}},"5":{"start":{"line":6,"column":0},"end":{"line":6,"column":116}},"6":{"start":{"line":7,"column":0},"end":{"line":7,"column":100}},"7":{"start":{"line":8,"column":0},"end":{"line":8,"column":0}},"8":{"start":{"line":9,"column":0},"end":{"line":9,"column":110}},"9":{"start":{"line":10,"column":0},"end":{"line":10,"column":51}},"10":{"start":{"line":11,"column":0},"end":{"line":11,"column":114}},"11":{"start":{"line":12,"column":0},"end":{"line":12,"column":58}},"12":{"start":{"line":13,"column":0},"end":{"line":13,"column":114}},"13":{"start":{"line":14,"column":0},"end":{"line":14,"column":47}},"14":{"start":{"line":15,"column":0},"end":{"line":15,"column":103}},"15":{"start":{"line":16,"column":0},"end":{"line":16,"column":49}},"16":{"start":{"line":17,"column":0},"end":{"line":17,"column":105}},"17":{"start":{"line":18,"column":0},"end":{"line":18,"column":45}},"18":{"start":{"line":19,"column":0},"end":{"line":19,"column":101}},"19":{"start":{"line":20,"column":0},"end":{"line":20,"column":10}},"20":{"start":{"line":21,"column":0},"end":{"line":21,"column":103}},"21":{"start":{"line":22,"column":0},"end":{"line":22,"column":3}},"22":{"start":{"line":23,"column":0},"end":{"line":23,"column":1}}},"s":{"0":1,"1":1,"2":1,"3":1,"4":1,"5":1,"6":1,"7":1,"8":1,"9":4,"10":1,"11":4,"12":1,"13":3,"14":0,"15":2,"16":2,"17":2,"18":0,"19":0,"20":0,"21":0,"22":4},"branchMap":{"0":{"type":"branch","line":9,"loc":{"start":{"line":9,"column":7},"end":{"line":23,"column":1}},"locations":[{"start":{"line":9,"column":7},"end":{"line":23,"column":1}}]},"1":{"type":"branch","line":10,"loc":{"start":{"line":10,"column":50},"end":{"line":12,"column":13}},"locations":[{"start":{"line":10,"column":50},"end":{"line":12,"column":13}}]},"2":{"type":"branch","line":12,"loc":{"start":{"line":12,"column":2},"end":{"line":22,"column":3}},"locations":[{"start":{"line":12,"column":2},"end":{"line":22,"column":3}}]},"3":{"type":"branch","line":12,"loc":{"start":{"line":12,"column":57},"end":{"line":14,"column":13}},"locations":[{"start":{"line":12,"column":57},"end":{"line":14,"column":13}}]},"4":{"type":"branch","line":14,"loc":{"start":{"line":14,"column":2},"end":{"line":22,"column":3}},"locations":[{"start":{"line":14,"column":2},"end":{"line":22,"column":3}}]},"5":{"type":"branch","line":14,"loc":{"start":{"line":14,"column":46},"end":{"line":16,"column":13}},"locations":[{"start":{"line":14,"column":46},"end":{"line":16,"column":13}}]},"6":{"type":"branch","line":18,"loc":{"start":{"line":18,"column":2},"end":{"line":22,"column":3}},"locations":[{"start":{"line":18,"column":2},"end":{"line":22,"column":3}}]}},"b":{"0":[4],"1":[1],"2":[3],"3":[1],"4":[2],"5":[0],"6":[0]},"fnMap":{"0":{"name":"errorHandlerMiddleware","decl":{"start":{"line":9,"column":7},"end":{"line":23,"column":1}},"loc":{"start":{"line":9,"column":7},"end":{"line":23,"column":1}},"line":9}},"f":{"0":4}}
,"/Users/mac-victor.herguedas/Desktop/Proyectos/Personal/tfg-backend/src/pruebas/cuadrado.ts": {"path":"/Users/mac-victor.herguedas/Desktop/Proyectos/Personal/tfg-backend/src/pruebas/cuadrado.ts","all":true,"statementMap":{"0":{"start":{"line":1,"column":0},"end":{"line":1,"column":63}}},"s":{"0":0},"branchMap":{"0":{"type":"branch","line":1,"loc":{"start":{"line":1,"column":63},"end":{"line":1,"column":63}},"locations":[{"start":{"line":1,"column":63},"end":{"line":1,"column":63}}]}},"b":{"0":[0]},"fnMap":{"0":{"name":"(empty-report)","decl":{"start":{"line":1,"column":63},"end":{"line":1,"column":63}},"loc":{"start":{"line":1,"column":63},"end":{"line":1,"column":63}},"line":1}},"f":{"0":0}}
,"/Users/mac-victor.herguedas/Desktop/Proyectos/Personal/tfg-backend/src/pruebas/multiplicacion.ts": {"path":"/Users/mac-victor.herguedas/Desktop/Proyectos/Personal/tfg-backend/src/pruebas/multiplicacion.ts","all":false,"statementMap":{"0":{"start":{"line":1,"column":0},"end":{"line":1,"column":65}},"1":{"start":{"line":2,"column":0},"end":{"line":2,"column":14}},"2":{"start":{"line":3,"column":0},"end":{"line":3,"column":1}}},"s":{"0":1,"1":1,"2":1},"branchMap":{"0":{"type":"branch","line":1,"loc":{"start":{"line":1,"column":30},"end":{"line":3,"column":1}},"locations":[{"start":{"line":1,"column":30},"end":{"line":3,"column":1}}]}},"b":{"0":[1]},"fnMap":{"0":{"name":"multiplicacion","decl":{"start":{"line":1,"column":30},"end":{"line":3,"column":1}},"loc":{"start":{"line":1,"column":30},"end":{"line":3,"column":1}},"line":1}},"f":{"0":1}}
,"/Users/mac-victor.herguedas/Desktop/Proyectos/Personal/tfg-backend/src/pruebas/prueba.ts": {"path":"/Users/mac-victor.herguedas/Desktop/Proyectos/Personal/tfg-backend/src/pruebas/prueba.ts","all":false,"statementMap":{"0":{"start":{"line":1,"column":0},"end":{"line":1,"column":52}},"1":{"start":{"line":2,"column":0},"end":{"line":2,"column":34}},"2":{"start":{"line":3,"column":0},"end":{"line":3,"column":32}},"3":{"start":{"line":4,"column":0},"end":{"line":4,"column":0}},"4":{"start":{"line":5,"column":0},"end":{"line":5,"column":37}},"5":{"start":{"line":6,"column":0},"end":{"line":6,"column":84}},"6":{"start":{"line":7,"column":0},"end":{"line":7,"column":24}},"7":{"start":{"line":8,"column":0},"end":{"line":8,"column":0}},"8":{"start":{"line":9,"column":0},"end":{"line":9,"column":38}},"9":{"start":{"line":10,"column":0},"end":{"line":10,"column":0}},"10":{"start":{"line":11,"column":0},"end":{"line":11,"column":56}}},"s":{"0":1,"1":1,"2":1,"3":1,"4":1,"5":1,"6":1,"7":1,"8":1,"9":1,"10":1},"branchMap":{"0":{"type":"branch","line":6,"loc":{"start":{"line":6,"column":29},"end":{"line":6,"column":84}},"locations":[{"start":{"line":6,"column":29},"end":{"line":6,"column":84}}]}},"b":{"0":[1]},"fnMap":{"0":{"name":"sumarPruebita","decl":{"start":{"line":6,"column":29},"end":{"line":6,"column":84}},"loc":{"start":{"line":6,"column":29},"end":{"line":6,"column":84}},"line":6}},"f":{"0":1}}
,"/Users/mac-victor.herguedas/Desktop/Proyectos/Personal/tfg-backend/src/pruebas/pruebas.bench.ts": {"path":"/Users/mac-victor.herguedas/Desktop/Proyectos/Personal/tfg-backend/src/pruebas/pruebas.bench.ts","all":true,"statementMap":{"0":{"start":{"line":1,"column":0},"end":{"line":1,"column":36}},"1":{"start":{"line":2,"column":0},"end":{"line":2,"column":30}},"2":{"start":{"line":3,"column":0},"end":{"line":3,"column":0}},"3":{"start":{"line":4,"column":0},"end":{"line":4,"column":30}},"4":{"start":{"line":5,"column":0},"end":{"line":5,"column":25}},"5":{"start":{"line":6,"column":0},"end":{"line":6,"column":29}},"6":{"start":{"line":7,"column":0},"end":{"line":7,"column":22}},"7":{"start":{"line":8,"column":0},"end":{"line":8,"column":18}},"8":{"start":{"line":9,"column":0},"end":{"line":9,"column":6}},"9":{"start":{"line":10,"column":0},"end":{"line":10,"column":4}},"10":{"start":{"line":11,"column":0},"end":{"line":11,"column":0}},"11":{"start":{"line":12,"column":0},"end":{"line":12,"column":26}},"12":{"start":{"line":13,"column":0},"end":{"line":13,"column":29}},"13":{"start":{"line":14,"column":0},"end":{"line":14,"column":32}},"14":{"start":{"line":15,"column":0},"end":{"line":15,"column":18}},"15":{"start":{"line":16,"column":0},"end":{"line":16,"column":6}},"16":{"start":{"line":17,"column":0},"end":{"line":17,"column":4}},"17":{"start":{"line":18,"column":0},"end":{"line":18,"column":2}}},"s":{"0":0,"1":0,"2":0,"3":0,"4":0,"5":0,"6":0,"7":0,"8":0,"9":0,"10":0,"11":0,"12":0,"13":0,"14":0,"15":0,"16":0,"17":0},"branchMap":{"0":{"type":"branch","line":1,"loc":{"start":{"line":1,"column":0},"end":{"line":18,"column":-170}},"locations":[{"start":{"line":1,"column":0},"end":{"line":18,"column":-170}}]}},"b":{"0":[0]},"fnMap":{"0":{"name":"(empty-report)","decl":{"start":{"line":1,"column":0},"end":{"line":18,"column":-170}},"loc":{"start":{"line":1,"column":0},"end":{"line":18,"column":-170}},"line":1}},"f":{"0":0}}
,"/Users/mac-victor.herguedas/Desktop/Proyectos/Personal/tfg-backend/src/pruebas/resta.ts": {"path":"/Users/mac-victor.herguedas/Desktop/Proyectos/Personal/tfg-backend/src/pruebas/resta.ts","all":true,"statementMap":{"0":{"start":{"line":1,"column":0},"end":{"line":1,"column":56}},"1":{"start":{"line":2,"column":0},"end":{"line":2,"column":14}},"2":{"start":{"line":3,"column":0},"end":{"line":3,"column":1}}},"s":{"0":0,"1":0,"2":0},"branchMap":{"0":{"type":"branch","line":1,"loc":{"start":{"line":1,"column":73},"end":{"line":3,"column":1}},"locations":[{"start":{"line":1,"column":73},"end":{"line":3,"column":1}}]}},"b":{"0":[0]},"fnMap":{"0":{"name":"(empty-report)","decl":{"start":{"line":1,"column":73},"end":{"line":3,"column":1}},"loc":{"start":{"line":1,"column":73},"end":{"line":3,"column":1}},"line":1}},"f":{"0":0}}
,"/Users/mac-victor.herguedas/Desktop/Proyectos/Personal/tfg-backend/src/pruebas/substract.ts": {"path":"/Users/mac-victor.herguedas/Desktop/Proyectos/Personal/tfg-backend/src/pruebas/substract.ts","all":false,"statementMap":{"0":{"start":{"line":1,"column":0},"end":{"line":1,"column":16}},"1":{"start":{"line":2,"column":0},"end":{"line":2,"column":48}},"2":{"start":{"line":3,"column":0},"end":{"line":3,"column":16}},"3":{"start":{"line":4,"column":0},"end":{"line":4,"column":3}},"4":{"start":{"line":5,"column":0},"end":{"line":5,"column":1}},"5":{"start":{"line":6,"column":0},"end":{"line":6,"column":0}},"6":{"start":{"line":7,"column":0},"end":{"line":7,"column":61}},"7":{"start":{"line":8,"column":0},"end":{"line":8,"column":14}},"8":{"start":{"line":9,"column":0},"end":{"line":9,"column":1}}},"s":{"0":1,"1":1,"2":0,"3":0,"4":1,"5":1,"6":1,"7":0,"8":0},"branchMap":{},"b":{},"fnMap":{"0":{"name":"substract","decl":{"start":{"line":2,"column":13},"end":{"line":4,"column":3}},"loc":{"start":{"line":2,"column":13},"end":{"line":4,"column":3}},"line":2},"1":{"name":"substract2","decl":{"start":{"line":7,"column":26},"end":{"line":9,"column":1}},"loc":{"start":{"line":7,"column":26},"end":{"line":9,"column":1}},"line":7}},"f":{"0":0,"1":0}}
,"/Users/mac-victor.herguedas/Desktop/Proyectos/Personal/tfg-backend/src/pruebas/suma.ts": {"path":"/Users/mac-victor.herguedas/Desktop/Proyectos/Personal/tfg-backend/src/pruebas/suma.ts","all":false,"statementMap":{"0":{"start":{"line":1,"column":0},"end":{"line":1,"column":55}},"1":{"start":{"line":2,"column":0},"end":{"line":2,"column":14}},"2":{"start":{"line":3,"column":0},"end":{"line":3,"column":1}}},"s":{"0":1,"1":1,"2":1},"branchMap":{"0":{"type":"branch","line":1,"loc":{"start":{"line":1,"column":20},"end":{"line":3,"column":1}},"locations":[{"start":{"line":1,"column":20},"end":{"line":3,"column":1}}]}},"b":{"0":[1]},"fnMap":{"0":{"name":"suma","decl":{"start":{"line":1,"column":20},"end":{"line":3,"column":1}},"loc":{"start":{"line":1,"column":20},"end":{"line":3,"column":1}},"line":1}},"f":{"0":1}}
,"/Users/mac-victor.herguedas/Desktop/Proyectos/Personal/tfg-backend/src/pruebas/__mocks__/cuadrado.ts": {"path":"/Users/mac-victor.herguedas/Desktop/Proyectos/Personal/tfg-backend/src/pruebas/__mocks__/cuadrado.ts","all":false,"statementMap":{"0":{"start":{"line":1,"column":0},"end":{"line":1,"column":50}}},"s":{"0":1},"branchMap":{"0":{"type":"branch","line":1,"loc":{"start":{"line":1,"column":24},"end":{"line":1,"column":50}},"locations":[{"start":{"line":1,"column":24},"end":{"line":1,"column":50}}]}},"b":{"0":[1]},"fnMap":{"0":{"name":"cuadrado","decl":{"start":{"line":1,"column":24},"end":{"line":1,"column":50}},"loc":{"start":{"line":1,"column":24},"end":{"line":1,"column":50}},"line":1}},"f":{"0":1}}
,"/Users/mac-victor.herguedas/Desktop/Proyectos/Personal/tfg-backend/src/pruebas/__mocks__/resta.ts": {"path":"/Users/mac-victor.herguedas/Desktop/Proyectos/Personal/tfg-backend/src/pruebas/__mocks__/resta.ts","all":false,"statementMap":{"0":{"start":{"line":1,"column":0},"end":{"line":1,"column":48}}},"s":{"0":1},"branchMap":{"0":{"type":"branch","line":1,"loc":{"start":{"line":1,"column":21},"end":{"line":1,"column":48}},"locations":[{"start":{"line":1,"column":21},"end":{"line":1,"column":48}}]}},"b":{"0":[1]},"fnMap":{"0":{"name":"resta","decl":{"start":{"line":1,"column":21},"end":{"line":1,"column":48}},"loc":{"start":{"line":1,"column":21},"end":{"line":1,"column":48}},"line":1}},"f":{"0":1}}
,"/Users/mac-victor.herguedas/Desktop/Proyectos/Personal/tfg-backend/src/utilities/environment.ts": {"path":"/Users/mac-victor.herguedas/Desktop/Proyectos/Personal/tfg-backend/src/utilities/environment.ts","all":false,"statementMap":{"0":{"start":{"line":1,"column":0},"end":{"line":1,"column":22}},"1":{"start":{"line":2,"column":0},"end":{"line":2,"column":36}},"2":{"start":{"line":3,"column":0},"end":{"line":3,"column":35}},"3":{"start":{"line":4,"column":0},"end":{"line":4,"column":0}},"4":{"start":{"line":5,"column":0},"end":{"line":5,"column":60}},"5":{"start":{"line":6,"column":0},"end":{"line":6,"column":37}},"6":{"start":{"line":7,"column":0},"end":{"line":7,"column":1}},"7":{"start":{"line":8,"column":0},"end":{"line":8,"column":0}},"8":{"start":{"line":9,"column":0},"end":{"line":9,"column":42}},"9":{"start":{"line":10,"column":0},"end":{"line":10,"column":79}},"10":{"start":{"line":11,"column":0},"end":{"line":11,"column":37}},"11":{"start":{"line":12,"column":0},"end":{"line":12,"column":0}},"12":{"start":{"line":13,"column":0},"end":{"line":13,"column":42}},"13":{"start":{"line":14,"column":0},"end":{"line":14,"column":79}},"14":{"start":{"line":15,"column":0},"end":{"line":15,"column":37}},"15":{"start":{"line":16,"column":0},"end":{"line":16,"column":0}},"16":{"start":{"line":17,"column":0},"end":{"line":17,"column":47}},"17":{"start":{"line":18,"column":0},"end":{"line":18,"column":84}},"18":{"start":{"line":19,"column":0},"end":{"line":19,"column":42}},"19":{"start":{"line":20,"column":0},"end":{"line":20,"column":0}},"20":{"start":{"line":21,"column":0},"end":{"line":21,"column":38}},"21":{"start":{"line":22,"column":0},"end":{"line":22,"column":75}},"22":{"start":{"line":23,"column":0},"end":{"line":23,"column":53}},"23":{"start":{"line":24,"column":0},"end":{"line":24,"column":0}},"24":{"start":{"line":25,"column":0},"end":{"line":25,"column":47}},"25":{"start":{"line":26,"column":0},"end":{"line":26,"column":33}},"26":{"start":{"line":27,"column":0},"end":{"line":27,"column":65}}},"s":{"0":1,"1":1,"2":1,"3":1,"4":1,"5":0,"6":0,"7":1,"8":1,"9":1,"10":1,"11":1,"12":1,"13":1,"14":1,"15":1,"16":1,"17":1,"18":1,"19":1,"20":1,"21":1,"22":1,"23":1,"24":1,"25":1,"26":1},"branchMap":{"0":{"type":"branch","line":10,"loc":{"start":{"line":10,"column":30},"end":{"line":10,"column":79}},"locations":[{"start":{"line":10,"column":30},"end":{"line":10,"column":79}}]},"1":{"type":"branch","line":14,"loc":{"start":{"line":14,"column":30},"end":{"line":14,"column":79}},"locations":[{"start":{"line":14,"column":30},"end":{"line":14,"column":79}}]},"2":{"type":"branch","line":18,"loc":{"start":{"line":18,"column":32},"end":{"line":18,"column":84}},"locations":[{"start":{"line":18,"column":32},"end":{"line":18,"column":84}}]},"3":{"type":"branch","line":22,"loc":{"start":{"line":22,"column":28},"end":{"line":22,"column":75}},"locations":[{"start":{"line":22,"column":28},"end":{"line":22,"column":75}}]}},"b":{"0":[0],"1":[0],"2":[0],"3":[0]},"fnMap":{"0":{"name":"envExceptionError","decl":{"start":{"line":5,"column":26},"end":{"line":7,"column":1}},"loc":{"start":{"line":5,"column":26},"end":{"line":7,"column":1}},"line":5}},"f":{"0":0}}
,"/Users/mac-victor.herguedas/Desktop/Proyectos/Personal/tfg-backend/src/utilities/errors/createResponseError.ts": {"path":"/Users/mac-victor.herguedas/Desktop/Proyectos/Personal/tfg-backend/src/utilities/errors/createResponseError.ts","all":false,"statementMap":{"0":{"start":{"line":1,"column":0},"end":{"line":1,"column":36}},"1":{"start":{"line":2,"column":0},"end":{"line":2,"column":15}},"2":{"start":{"line":3,"column":0},"end":{"line":3,"column":18}},"3":{"start":{"line":4,"column":0},"end":{"line":4,"column":16}},"4":{"start":{"line":5,"column":0},"end":{"line":5,"column":1}},"5":{"start":{"line":6,"column":0},"end":{"line":6,"column":0}},"6":{"start":{"line":7,"column":0},"end":{"line":7,"column":108}},"7":{"start":{"line":8,"column":0},"end":{"line":8,"column":10}},"8":{"start":{"line":9,"column":0},"end":{"line":9,"column":9}},"9":{"start":{"line":10,"column":0},"end":{"line":10,"column":12}},"10":{"start":{"line":11,"column":0},"end":{"line":11,"column":9}},"11":{"start":{"line":12,"column":0},"end":{"line":12,"column":3}},"12":{"start":{"line":13,"column":0},"end":{"line":13,"column":1}}},"s":{"0":1,"1":1,"2":1,"3":1,"4":1,"5":1,"6":1,"7":4,"8":4,"9":4,"10":4,"11":4,"12":4},"branchMap":{"0":{"type":"branch","line":7,"loc":{"start":{"line":7,"column":39},"end":{"line":13,"column":1}},"locations":[{"start":{"line":7,"column":39},"end":{"line":13,"column":1}}]}},"b":{"0":[4]},"fnMap":{"0":{"name":"createResponseBodyError","decl":{"start":{"line":7,"column":39},"end":{"line":13,"column":1}},"loc":{"start":{"line":7,"column":39},"end":{"line":13,"column":1}},"line":7}},"f":{"0":4}}
,"/Users/mac-victor.herguedas/Desktop/Proyectos/Personal/tfg-backend/src/utilities/errors/MissingFileError/MissingFileError.ts": {"path":"/Users/mac-victor.herguedas/Desktop/Proyectos/Personal/tfg-backend/src/utilities/errors/MissingFileError/MissingFileError.ts","all":false,"statementMap":{"0":{"start":{"line":1,"column":0},"end":{"line":1,"column":45}},"1":{"start":{"line":2,"column":0},"end":{"line":2,"column":33}},"2":{"start":{"line":3,"column":0},"end":{"line":3,"column":18}},"3":{"start":{"line":4,"column":0},"end":{"line":4,"column":34}},"4":{"start":{"line":5,"column":0},"end":{"line":5,"column":3}},"5":{"start":{"line":6,"column":0},"end":{"line":6,"column":1}},"6":{"start":{"line":7,"column":0},"end":{"line":7,"column":0}},"7":{"start":{"line":8,"column":0},"end":{"line":8,"column":54}},"8":{"start":{"line":9,"column":0},"end":{"line":9,"column":0}},"9":{"start":{"line":10,"column":0},"end":{"line":10,"column":70}},"10":{"start":{"line":11,"column":0},"end":{"line":11,"column":47}},"11":{"start":{"line":12,"column":0},"end":{"line":12,"column":1}}},"s":{"0":1,"1":1,"2":4,"3":4,"4":4,"5":1,"6":1,"7":1,"8":1,"9":1,"10":5,"11":5},"branchMap":{"0":{"type":"branch","line":2,"loc":{"start":{"line":2,"column":2},"end":{"line":5,"column":3}},"locations":[{"start":{"line":2,"column":2},"end":{"line":5,"column":3}}]},"1":{"type":"branch","line":10,"loc":{"start":{"line":10,"column":39},"end":{"line":12,"column":1}},"locations":[{"start":{"line":10,"column":39},"end":{"line":12,"column":1}}]}},"b":{"0":[4],"1":[5]},"fnMap":{"0":{"name":"MissingFileError","decl":{"start":{"line":2,"column":2},"end":{"line":5,"column":3}},"loc":{"start":{"line":2,"column":2},"end":{"line":5,"column":3}},"line":2},"1":{"name":"missingFileErrorMessage","decl":{"start":{"line":10,"column":39},"end":{"line":12,"column":1}},"loc":{"start":{"line":10,"column":39},"end":{"line":12,"column":1}},"line":10}},"f":{"0":4,"1":5}}
,"/Users/mac-victor.herguedas/Desktop/Proyectos/Personal/tfg-backend/src/utilities/errors/NotSupportedFileSizeError/NotSupportedFileSizerError.ts": {"path":"/Users/mac-victor.herguedas/Desktop/Proyectos/Personal/tfg-backend/src/utilities/errors/NotSupportedFileSizeError/NotSupportedFileSizerError.ts","all":false,"statementMap":{"0":{"start":{"line":1,"column":0},"end":{"line":1,"column":54}},"1":{"start":{"line":2,"column":0},"end":{"line":2,"column":33}},"2":{"start":{"line":3,"column":0},"end":{"line":3,"column":18}},"3":{"start":{"line":4,"column":0},"end":{"line":4,"column":43}},"4":{"start":{"line":5,"column":0},"end":{"line":5,"column":3}},"5":{"start":{"line":6,"column":0},"end":{"line":6,"column":1}},"6":{"start":{"line":7,"column":0},"end":{"line":7,"column":0}},"7":{"start":{"line":8,"column":0},"end":{"line":8,"column":72}},"8":{"start":{"line":9,"column":0},"end":{"line":9,"column":0}},"9":{"start":{"line":10,"column":0},"end":{"line":10,"column":100}},"10":{"start":{"line":11,"column":0},"end":{"line":11,"column":70}},"11":{"start":{"line":12,"column":0},"end":{"line":12,"column":1}}},"s":{"0":1,"1":1,"2":2,"3":2,"4":2,"5":1,"6":1,"7":1,"8":1,"9":1,"10":3,"11":3},"branchMap":{"0":{"type":"branch","line":2,"loc":{"start":{"line":2,"column":2},"end":{"line":5,"column":3}},"locations":[{"start":{"line":2,"column":2},"end":{"line":5,"column":3}}]},"1":{"type":"branch","line":10,"loc":{"start":{"line":10,"column":48},"end":{"line":12,"column":1}},"locations":[{"start":{"line":10,"column":48},"end":{"line":12,"column":1}}]}},"b":{"0":[2],"1":[3]},"fnMap":{"0":{"name":"NotSupportedFileSizeError","decl":{"start":{"line":2,"column":2},"end":{"line":5,"column":3}},"loc":{"start":{"line":2,"column":2},"end":{"line":5,"column":3}},"line":2},"1":{"name":"notSupportedFileSizeErrorMessage","decl":{"start":{"line":10,"column":48},"end":{"line":12,"column":1}},"loc":{"start":{"line":10,"column":48},"end":{"line":12,"column":1}},"line":10}},"f":{"0":2,"1":3}}
,"/Users/mac-victor.herguedas/Desktop/Proyectos/Personal/tfg-backend/src/utilities/errors/NotSupportedFileTypeError/NotSupportedFileTypeError.ts": {"path":"/Users/mac-victor.herguedas/Desktop/Proyectos/Personal/tfg-backend/src/utilities/errors/NotSupportedFileTypeError/NotSupportedFileTypeError.ts","all":false,"statementMap":{"0":{"start":{"line":1,"column":0},"end":{"line":1,"column":54}},"1":{"start":{"line":2,"column":0},"end":{"line":2,"column":33}},"2":{"start":{"line":3,"column":0},"end":{"line":3,"column":18}},"3":{"start":{"line":4,"column":0},"end":{"line":4,"column":43}},"4":{"start":{"line":5,"column":0},"end":{"line":5,"column":3}},"5":{"start":{"line":6,"column":0},"end":{"line":6,"column":1}},"6":{"start":{"line":7,"column":0},"end":{"line":7,"column":0}},"7":{"start":{"line":8,"column":0},"end":{"line":8,"column":72}},"8":{"start":{"line":9,"column":0},"end":{"line":9,"column":0}},"9":{"start":{"line":10,"column":0},"end":{"line":10,"column":110}},"10":{"start":{"line":11,"column":0},"end":{"line":11,"column":274}},"11":{"start":{"line":12,"column":0},"end":{"line":12,"column":4}},"12":{"start":{"line":13,"column":0},"end":{"line":13,"column":1}}},"s":{"0":1,"1":1,"2":2,"3":2,"4":2,"5":1,"6":1,"7":1,"8":1,"9":1,"10":4,"11":4,"12":4},"branchMap":{"0":{"type":"branch","line":2,"loc":{"start":{"line":2,"column":2},"end":{"line":5,"column":3}},"locations":[{"start":{"line":2,"column":2},"end":{"line":5,"column":3}}]},"1":{"type":"branch","line":10,"loc":{"start":{"line":10,"column":48},"end":{"line":13,"column":1}},"locations":[{"start":{"line":10,"column":48},"end":{"line":13,"column":1}}]},"2":{"type":"branch","line":11,"loc":{"start":{"line":11,"column":72},"end":{"line":11,"column":89}},"locations":[{"start":{"line":11,"column":72},"end":{"line":11,"column":89}}]},"3":{"type":"branch","line":11,"loc":{"start":{"line":11,"column":84},"end":{"line":11,"column":274}},"locations":[{"start":{"line":11,"column":84},"end":{"line":11,"column":274}}]},"4":{"type":"branch","line":11,"loc":{"start":{"line":11,"column":130},"end":{"line":11,"column":269}},"locations":[{"start":{"line":11,"column":130},"end":{"line":11,"column":269}}]},"5":{"type":"branch","line":11,"loc":{"start":{"line":11,"column":245},"end":{"line":11,"column":259}},"locations":[{"start":{"line":11,"column":245},"end":{"line":11,"column":259}}]},"6":{"type":"branch","line":11,"loc":{"start":{"line":11,"column":254},"end":{"line":11,"column":262}},"locations":[{"start":{"line":11,"column":254},"end":{"line":11,"column":262}}]}},"b":{"0":[2],"1":[4],"2":[1],"3":[3],"4":[12],"5":[3],"6":[9]},"fnMap":{"0":{"name":"NotSupportedFileTypeError","decl":{"start":{"line":2,"column":2},"end":{"line":5,"column":3}},"loc":{"start":{"line":2,"column":2},"end":{"line":5,"column":3}},"line":2},"1":{"name":"notSupportedFileTypeErrorMessage","decl":{"start":{"line":10,"column":48},"end":{"line":13,"column":1}},"loc":{"start":{"line":10,"column":48},"end":{"line":13,"column":1}},"line":10}},"f":{"0":2,"1":4}}
,"/Users/mac-victor.herguedas/Desktop/Proyectos/Personal/tfg-backend/src/utilities/errors/OpenAiApiError/OpenAiApiError.ts": {"path":"/Users/mac-victor.herguedas/Desktop/Proyectos/Personal/tfg-backend/src/utilities/errors/OpenAiApiError/OpenAiApiError.ts","all":false,"statementMap":{"0":{"start":{"line":1,"column":0},"end":{"line":1,"column":43}},"1":{"start":{"line":2,"column":0},"end":{"line":2,"column":33}},"2":{"start":{"line":3,"column":0},"end":{"line":3,"column":18}},"3":{"start":{"line":4,"column":0},"end":{"line":4,"column":32}},"4":{"start":{"line":5,"column":0},"end":{"line":5,"column":3}},"5":{"start":{"line":6,"column":0},"end":{"line":6,"column":1}},"6":{"start":{"line":7,"column":0},"end":{"line":7,"column":0}},"7":{"start":{"line":8,"column":0},"end":{"line":8,"column":50}},"8":{"start":{"line":9,"column":0},"end":{"line":9,"column":0}},"9":{"start":{"line":10,"column":0},"end":{"line":10,"column":116}}},"s":{"0":1,"1":1,"2":0,"3":0,"4":0,"5":1,"6":1,"7":1,"8":1,"9":1},"branchMap":{"0":{"type":"branch","line":10,"loc":{"start":{"line":10,"column":37},"end":{"line":10,"column":116}},"locations":[{"start":{"line":10,"column":37},"end":{"line":10,"column":116}}]}},"b":{"0":[1]},"fnMap":{"0":{"name":"OpenAiApiError","decl":{"start":{"line":2,"column":2},"end":{"line":5,"column":3}},"loc":{"start":{"line":2,"column":2},"end":{"line":5,"column":3}},"line":2},"1":{"name":"openAiAPiErrorMessage","decl":{"start":{"line":10,"column":37},"end":{"line":10,"column":116}},"loc":{"start":{"line":10,"column":37},"end":{"line":10,"column":116}},"line":10}},"f":{"0":0,"1":1}}
,"/Users/mac-victor.herguedas/Desktop/Proyectos/Personal/tfg-backend/src/utilities/errors/ParsingError/ParsingError.ts": {"path":"/Users/mac-victor.herguedas/Desktop/Proyectos/Personal/tfg-backend/src/utilities/errors/ParsingError/ParsingError.ts","all":false,"statementMap":{"0":{"start":{"line":1,"column":0},"end":{"line":1,"column":41}},"1":{"start":{"line":2,"column":0},"end":{"line":2,"column":33}},"2":{"start":{"line":3,"column":0},"end":{"line":3,"column":18}},"3":{"start":{"line":4,"column":0},"end":{"line":4,"column":30}},"4":{"start":{"line":5,"column":0},"end":{"line":5,"column":3}},"5":{"start":{"line":6,"column":0},"end":{"line":6,"column":1}},"6":{"start":{"line":7,"column":0},"end":{"line":7,"column":0}},"7":{"start":{"line":8,"column":0},"end":{"line":8,"column":46}},"8":{"start":{"line":9,"column":0},"end":{"line":9,"column":0}},"9":{"start":{"line":10,"column":0},"end":{"line":10,"column":68}},"10":{"start":{"line":11,"column":0},"end":{"line":11,"column":39}},"11":{"start":{"line":12,"column":0},"end":{"line":12,"column":1}}},"s":{"0":1,"1":1,"2":1,"3":1,"4":1,"5":1,"6":1,"7":1,"8":1,"9":1,"10":2,"11":2},"branchMap":{"0":{"type":"branch","line":2,"loc":{"start":{"line":2,"column":2},"end":{"line":5,"column":3}},"locations":[{"start":{"line":2,"column":2},"end":{"line":5,"column":3}}]},"1":{"type":"branch","line":10,"loc":{"start":{"line":10,"column":35},"end":{"line":12,"column":1}},"locations":[{"start":{"line":10,"column":35},"end":{"line":12,"column":1}}]}},"b":{"0":[1],"1":[2]},"fnMap":{"0":{"name":"ParsingError","decl":{"start":{"line":2,"column":2},"end":{"line":5,"column":3}},"loc":{"start":{"line":2,"column":2},"end":{"line":5,"column":3}},"line":2},"1":{"name":"parsingErrorMessage","decl":{"start":{"line":10,"column":35},"end":{"line":12,"column":1}},"loc":{"start":{"line":10,"column":35},"end":{"line":12,"column":1}},"line":10}},"f":{"0":1,"1":2}}
,"/Users/mac-victor.herguedas/Desktop/Proyectos/Personal/tfg-backend/src/utilities/openAI/openAi.ts": {"path":"/Users/mac-victor.herguedas/Desktop/Proyectos/Personal/tfg-backend/src/utilities/openAI/openAi.ts","all":false,"statementMap":{"0":{"start":{"line":1,"column":0},"end":{"line":1,"column":27}},"1":{"start":{"line":2,"column":0},"end":{"line":2,"column":0}},"2":{"start":{"line":3,"column":0},"end":{"line":3,"column":41}}},"s":{"0":1,"1":1,"2":1},"branchMap":{},"b":{},"fnMap":{},"f":{}}
,"/Users/mac-victor.herguedas/Desktop/Proyectos/Personal/tfg-backend/src/utilities/serializations/audioSerialization.ts": {"path":"/Users/mac-victor.herguedas/Desktop/Proyectos/Personal/tfg-backend/src/utilities/serializations/audioSerialization.ts","all":false,"statementMap":{"0":{"start":{"line":1,"column":0},"end":{"line":1,"column":38}},"1":{"start":{"line":2,"column":0},"end":{"line":2,"column":35}},"2":{"start":{"line":3,"column":0},"end":{"line":3,"column":142}},"3":{"start":{"line":4,"column":0},"end":{"line":4,"column":143}},"4":{"start":{"line":5,"column":0},"end":{"line":5,"column":106}},"5":{"start":{"line":6,"column":0},"end":{"line":6,"column":90}},"6":{"start":{"line":7,"column":0},"end":{"line":7,"column":23}},"7":{"start":{"line":8,"column":0},"end":{"line":8,"column":19}},"8":{"start":{"line":9,"column":0},"end":{"line":9,"column":0}},"9":{"start":{"line":10,"column":0},"end":{"line":10,"column":27}},"10":{"start":{"line":11,"column":0},"end":{"line":11,"column":14}},"11":{"start":{"line":12,"column":0},"end":{"line":12,"column":18}},"12":{"start":{"line":13,"column":0},"end":{"line":13,"column":21}},"13":{"start":{"line":14,"column":0},"end":{"line":14,"column":18}},"14":{"start":{"line":15,"column":0},"end":{"line":15,"column":13}},"15":{"start":{"line":16,"column":0},"end":{"line":16,"column":26}},"16":{"start":{"line":17,"column":0},"end":{"line":17,"column":1}},"17":{"start":{"line":18,"column":0},"end":{"line":18,"column":0}},"18":{"start":{"line":19,"column":0},"end":{"line":19,"column":96}},"19":{"start":{"line":20,"column":0},"end":{"line":20,"column":50}},"20":{"start":{"line":21,"column":0},"end":{"line":21,"column":31}},"21":{"start":{"line":22,"column":0},"end":{"line":22,"column":35}},"22":{"start":{"line":23,"column":0},"end":{"line":23,"column":32}},"23":{"start":{"line":24,"column":0},"end":{"line":24,"column":14}},"24":{"start":{"line":25,"column":0},"end":{"line":25,"column":1}},"25":{"start":{"line":26,"column":0},"end":{"line":26,"column":0}},"26":{"start":{"line":27,"column":0},"end":{"line":27,"column":69}},"27":{"start":{"line":28,"column":0},"end":{"line":28,"column":35}},"28":{"start":{"line":29,"column":0},"end":{"line":29,"column":28}},"29":{"start":{"line":30,"column":0},"end":{"line":30,"column":36}},"30":{"start":{"line":31,"column":0},"end":{"line":31,"column":33}},"31":{"start":{"line":32,"column":0},"end":{"line":32,"column":30}},"32":{"start":{"line":33,"column":0},"end":{"line":33,"column":30}},"33":{"start":{"line":34,"column":0},"end":{"line":34,"column":29}},"34":{"start":{"line":35,"column":0},"end":{"line":35,"column":3}},"35":{"start":{"line":36,"column":0},"end":{"line":36,"column":0}},"36":{"start":{"line":37,"column":0},"end":{"line":37,"column":32}},"37":{"start":{"line":38,"column":0},"end":{"line":38,"column":0}},"38":{"start":{"line":39,"column":0},"end":{"line":39,"column":54}},"39":{"start":{"line":40,"column":0},"end":{"line":40,"column":141}},"40":{"start":{"line":41,"column":0},"end":{"line":41,"column":1}},"41":{"start":{"line":42,"column":0},"end":{"line":42,"column":0}},"42":{"start":{"line":43,"column":0},"end":{"line":43,"column":66}},"43":{"start":{"line":44,"column":0},"end":{"line":44,"column":60}},"44":{"start":{"line":45,"column":0},"end":{"line":45,"column":48}},"45":{"start":{"line":46,"column":0},"end":{"line":46,"column":25}},"46":{"start":{"line":47,"column":0},"end":{"line":47,"column":24}},"47":{"start":{"line":48,"column":0},"end":{"line":48,"column":26}},"48":{"start":{"line":49,"column":0},"end":{"line":49,"column":26}},"49":{"start":{"line":50,"column":0},"end":{"line":50,"column":25}},"50":{"start":{"line":51,"column":0},"end":{"line":51,"column":3}},"51":{"start":{"line":52,"column":0},"end":{"line":52,"column":0}},"52":{"start":{"line":53,"column":0},"end":{"line":53,"column":59}},"53":{"start":{"line":54,"column":0},"end":{"line":54,"column":47}},"54":{"start":{"line":55,"column":0},"end":{"line":55,"column":0}},"55":{"start":{"line":56,"column":0},"end":{"line":56,"column":32}},"56":{"start":{"line":57,"column":0},"end":{"line":57,"column":50}},"57":{"start":{"line":58,"column":0},"end":{"line":58,"column":3}},"58":{"start":{"line":59,"column":0},"end":{"line":59,"column":65}},"59":{"start":{"line":60,"column":0},"end":{"line":60,"column":0}},"60":{"start":{"line":61,"column":0},"end":{"line":61,"column":51}},"61":{"start":{"line":62,"column":0},"end":{"line":62,"column":69}},"62":{"start":{"line":63,"column":0},"end":{"line":63,"column":0}},"63":{"start":{"line":64,"column":0},"end":{"line":64,"column":31}},"64":{"start":{"line":65,"column":0},"end":{"line":65,"column":1}},"65":{"start":{"line":66,"column":0},"end":{"line":66,"column":0}},"66":{"start":{"line":67,"column":0},"end":{"line":67,"column":74}},"67":{"start":{"line":68,"column":0},"end":{"line":68,"column":40}},"68":{"start":{"line":69,"column":0},"end":{"line":69,"column":7}},"69":{"start":{"line":70,"column":0},"end":{"line":70,"column":45}},"70":{"start":{"line":71,"column":0},"end":{"line":71,"column":20}},"71":{"start":{"line":72,"column":0},"end":{"line":72,"column":27}},"72":{"start":{"line":73,"column":0},"end":{"line":73,"column":57}},"73":{"start":{"line":74,"column":0},"end":{"line":74,"column":3}},"74":{"start":{"line":75,"column":0},"end":{"line":75,"column":29}},"75":{"start":{"line":76,"column":0},"end":{"line":76,"column":1}},"76":{"start":{"line":77,"column":0},"end":{"line":77,"column":0}},"77":{"start":{"line":78,"column":0},"end":{"line":78,"column":65}},"78":{"start":{"line":79,"column":0},"end":{"line":79,"column":59}},"79":{"start":{"line":80,"column":0},"end":{"line":80,"column":28}},"80":{"start":{"line":81,"column":0},"end":{"line":81,"column":38}},"81":{"start":{"line":82,"column":0},"end":{"line":82,"column":147}},"82":{"start":{"line":83,"column":0},"end":{"line":83,"column":1}},"83":{"start":{"line":84,"column":0},"end":{"line":84,"column":0}},"84":{"start":{"line":85,"column":0},"end":{"line":85,"column":83}},"85":{"start":{"line":86,"column":0},"end":{"line":86,"column":29}},"86":{"start":{"line":87,"column":0},"end":{"line":87,"column":49}},"87":{"start":{"line":88,"column":0},"end":{"line":88,"column":54}},"88":{"start":{"line":89,"column":0},"end":{"line":89,"column":16}},"89":{"start":{"line":90,"column":0},"end":{"line":90,"column":62}},"90":{"start":{"line":91,"column":0},"end":{"line":91,"column":7}},"91":{"start":{"line":92,"column":0},"end":{"line":92,"column":58}},"92":{"start":{"line":93,"column":0},"end":{"line":93,"column":56}},"93":{"start":{"line":94,"column":0},"end":{"line":94,"column":70}},"94":{"start":{"line":95,"column":0},"end":{"line":95,"column":14}},"95":{"start":{"line":96,"column":0},"end":{"line":96,"column":26}},"96":{"start":{"line":97,"column":0},"end":{"line":97,"column":7}},"97":{"start":{"line":98,"column":0},"end":{"line":98,"column":6}},"98":{"start":{"line":99,"column":0},"end":{"line":99,"column":4}},"99":{"start":{"line":100,"column":0},"end":{"line":100,"column":1}}},"s":{"0":1,"1":1,"2":1,"3":1,"4":1,"5":1,"6":1,"7":1,"8":1,"9":1,"10":1,"11":1,"12":1,"13":1,"14":1,"15":1,"16":1,"17":1,"18":1,"19":6,"20":4,"21":4,"22":4,"23":4,"24":4,"25":1,"26":1,"27":5,"28":5,"29":5,"30":5,"31":5,"32":5,"33":5,"34":5,"35":5,"36":5,"37":5,"38":5,"39":5,"40":5,"41":1,"42":1,"43":2,"44":2,"45":2,"46":2,"47":2,"48":2,"49":2,"50":2,"51":2,"52":2,"53":2,"54":2,"55":2,"56":0,"57":0,"58":2,"59":2,"60":2,"61":2,"62":2,"63":2,"64":2,"65":1,"66":1,"67":2,"68":2,"69":2,"70":2,"71":0,"72":0,"73":0,"74":2,"75":2,"76":1,"77":1,"78":6,"79":6,"80":6,"81":6,"82":6,"83":1,"84":1,"85":9,"86":9,"87":9,"88":9,"89":1,"90":1,"91":9,"92":9,"93":4,"94":9,"95":5,"96":5,"97":9,"98":9,"99":9},"branchMap":{"0":{"type":"branch","line":19,"loc":{"start":{"line":19,"column":52},"end":{"line":25,"column":1}},"locations":[{"start":{"line":19,"column":52},"end":{"line":25,"column":1}}]},"1":{"type":"branch","line":20,"loc":{"start":{"line":20,"column":49},"end":{"line":25,"column":1}},"locations":[{"start":{"line":20,"column":49},"end":{"line":25,"column":1}}]},"2":{"type":"branch","line":27,"loc":{"start":{"line":27,"column":42},"end":{"line":41,"column":1}},"locations":[{"start":{"line":27,"column":42},"end":{"line":41,"column":1}}]},"3":{"type":"branch","line":40,"loc":{"start":{"line":40,"column":44},"end":{"line":40,"column":141}},"locations":[{"start":{"line":40,"column":44},"end":{"line":40,"column":141}}]},"4":{"type":"branch","line":43,"loc":{"start":{"line":43,"column":39},"end":{"line":65,"column":1}},"locations":[{"start":{"line":43,"column":39},"end":{"line":65,"column":1}}]},"5":{"type":"branch","line":56,"loc":{"start":{"line":56,"column":31},"end":{"line":58,"column":3}},"locations":[{"start":{"line":56,"column":31},"end":{"line":58,"column":3}}]},"6":{"type":"branch","line":67,"loc":{"start":{"line":67,"column":26},"end":{"line":76,"column":1}},"locations":[{"start":{"line":67,"column":26},"end":{"line":76,"column":1}}]},"7":{"type":"branch","line":71,"loc":{"start":{"line":71,"column":2},"end":{"line":74,"column":3}},"locations":[{"start":{"line":71,"column":2},"end":{"line":74,"column":3}}]},"8":{"type":"branch","line":78,"loc":{"start":{"line":78,"column":38},"end":{"line":83,"column":1}},"locations":[{"start":{"line":78,"column":38},"end":{"line":83,"column":1}}]},"9":{"type":"branch","line":82,"loc":{"start":{"line":82,"column":33},"end":{"line":82,"column":147}},"locations":[{"start":{"line":82,"column":33},"end":{"line":82,"column":147}}]},"10":{"type":"branch","line":85,"loc":{"start":{"line":85,"column":39},"end":{"line":100,"column":1}},"locations":[{"start":{"line":85,"column":39},"end":{"line":100,"column":1}}]},"11":{"type":"branch","line":87,"loc":{"start":{"line":87,"column":27},"end":{"line":99,"column":3}},"locations":[{"start":{"line":87,"column":27},"end":{"line":99,"column":3}}]},"12":{"type":"branch","line":88,"loc":{"start":{"line":88,"column":20},"end":{"line":98,"column":5}},"locations":[{"start":{"line":88,"column":20},"end":{"line":98,"column":5}}]},"13":{"type":"branch","line":89,"loc":{"start":{"line":89,"column":15},"end":{"line":91,"column":7}},"locations":[{"start":{"line":89,"column":15},"end":{"line":91,"column":7}}]},"14":{"type":"branch","line":93,"loc":{"start":{"line":93,"column":21},"end":{"line":93,"column":55}},"locations":[{"start":{"line":93,"column":21},"end":{"line":93,"column":55}}]},"15":{"type":"branch","line":93,"loc":{"start":{"line":93,"column":55},"end":{"line":95,"column":13}},"locations":[{"start":{"line":93,"column":55},"end":{"line":95,"column":13}}]},"16":{"type":"branch","line":95,"loc":{"start":{"line":95,"column":6},"end":{"line":97,"column":7}},"locations":[{"start":{"line":95,"column":6},"end":{"line":97,"column":7}}]}},"b":{"0":[6],"1":[4],"2":[5],"3":[2],"4":[2],"5":[0],"6":[2],"7":[0],"8":[6],"9":[2],"10":[9],"11":[9],"12":[9],"13":[1],"14":[6],"15":[4],"16":[5]},"fnMap":{"0":{"name":"getValidatedAudioFromFileFromRequest","decl":{"start":{"line":19,"column":52},"end":{"line":25,"column":1}},"loc":{"start":{"line":19,"column":52},"end":{"line":25,"column":1}},"line":19},"1":{"name":"checkIsCorrectFileMimeType","decl":{"start":{"line":27,"column":42},"end":{"line":41,"column":1}},"loc":{"start":{"line":27,"column":42},"end":{"line":41,"column":1}},"line":27},"2":{"name":"renameFileWithExtension","decl":{"start":{"line":43,"column":39},"end":{"line":65,"column":1}},"loc":{"start":{"line":43,"column":39},"end":{"line":65,"column":1}},"line":43},"3":{"name":"renameFile","decl":{"start":{"line":67,"column":26},"end":{"line":76,"column":1}},"loc":{"start":{"line":67,"column":26},"end":{"line":76,"column":1}},"line":67},"4":{"name":"checkIsCorrectFileSize","decl":{"start":{"line":78,"column":38},"end":{"line":83,"column":1}},"loc":{"start":{"line":78,"column":38},"end":{"line":83,"column":1}},"line":78},"5":{"name":"getAudioFileFromRequest","decl":{"start":{"line":85,"column":39},"end":{"line":100,"column":1}},"loc":{"start":{"line":85,"column":39},"end":{"line":100,"column":1}},"line":85}},"f":{"0":6,"1":5,"2":2,"3":2,"4":6,"5":9}}
}
